[    21.036] 
X.Org X Server 1.21.1.16
X Protocol Version 11, Revision 0
[    21.036] Current Operating System: Linux debian-vini 6.12.73+deb13-amd64 #1 SMP PREEMPT_DYNAMIC Debian 6.12.73-1 (2026-02-17) x86_64
[    21.036] Kernel command line: BOOT_IMAGE=/boot/vmlinuz-6.12.73+deb13-amd64 root=UUID=9fa9c2e4-c394-472b-8d19-e282726b1b8d ro quiet
[    21.036] xorg-server 2:21.1.16-1.3+deb13u1 (https://www.debian.org/support) 
[    21.036] Current version of pixman: 0.44.0
[    21.036] 	Before reporting problems, check http://wiki.x.org
	to make sure that you have the latest version.
[    21.036] Markers: (--) probed, (**) from config file, (==) default setting,
	(++) from command line, (!!) notice, (II) informational,
	(WW) warning, (EE) error, (NI) not implemented, (??) unknown.
[    21.038] (==) Log file: "/var/log/Xorg.0.log", Time: Thu Apr 23 16:36:40 2026
[    21.045] (==) Using system config directory "/usr/share/X11/xorg.conf.d"
[    21.049] (==) No Layout section.  Using the first Screen section.
[    21.049] (==) No screen section available. Using defaults.
[    21.049] (**) |-->Screen "Default Screen Section" (0)
[    21.049] (**) |   |-->Monitor "<default monitor>"
[    21.051] (==) No monitor specified for screen "Default Screen Section".
	Using a default monitor configuration.
[    21.051] (**) Allowing byte-swapped clients
[    21.051] (==) Automatically adding devices
[    21.051] (==) Automatically enabling devices
[    21.051] (==) Automatically adding GPU devices
[    21.051] (==) Automatically binding GPU devices
[    21.051] (==) Max clients allowed: 256, resource mask: 0x1fffff
[    21.059] (WW) The directory "/usr/share/fonts/X11/cyrillic" does not exist.
[    21.059] 	Entry deleted from font path.
[    21.064] (==) FontPath set to:
	/usr/share/fonts/X11/misc,
	/usr/share/fonts/X11/100dpi/:unscaled,
	/usr/share/fonts/X11/75dpi/:unscaled,
	/usr/share/fonts/X11/Type1,
	/usr/share/fonts/X11/100dpi,
	/usr/share/fonts/X11/75dpi,
	built-ins
[    21.064] (==) ModulePath set to "/usr/lib/xorg/modules"
[    21.064] (II) The server relies on udev to provide the list of input devices.
	If no devices become available, reconfigure udev or disable AutoAddDevices.
[    21.064] (II) Loader magic: 0x55a669c16f00
[    21.064] (II) Module ABI versions:
[    21.064] 	X.Org ANSI C Emulation: 0.4
[    21.064] 	X.Org Video Driver: 25.2
[    21.064] 	X.Org XInput driver : 24.4
[    21.064] 	X.Org Server Extension : 10.0
[    21.066] (++) using VT number 7

[    21.066] (II) systemd-logind: logind integration requires -keeptty and -keeptty was not provided, disabling logind integration
[    21.070] (II) xfree86: Adding drm device (/dev/dri/card0)
[    21.070] (II) Platform probe for /sys/devices/pci0000:00/0000:00:02.0/drm/card0
[    21.077] (--) PCI:*(0@0:2:0) 15ad:0405:15ad:0405 rev 0, Mem @ 0xe0000000/16777216, 0xf0000000/2097152, I/O @ 0x0000d010/16, BIOS @ 0x????????/131072
[    21.077] (II) LoadModule: "glx"
[    21.079] (II) Loading /usr/lib/xorg/modules/extensions/libglx.so
[    21.096] (II) Module glx: vendor="X.Org Foundation"
[    21.096] 	compiled for 1.21.1.16, module version = 1.0.0
[    21.096] 	ABI class: X.Org Server Extension, version 10.0
[    21.096] (==) Matched vmware as autoconfigured driver 0
[    21.096] (==) Matched modesetting as autoconfigured driver 1
[    21.096] (==) Matched fbdev as autoconfigured driver 2
[    21.096] (==) Matched vesa as autoconfigured driver 3
[    21.096] (==) Assigned the driver to the xf86ConfigLayout
[    21.096] (II) LoadModule: "vmware"
[    21.096] (II) Loading /usr/lib/xorg/modules/drivers/vmware_drv.so
[    21.507] (II) Module vmware: vendor="X.Org Foundation"
[    21.507] 	compiled for 1.21.1.9, module version = 13.4.0
[    21.507] 	Module class: X.Org Video Driver
[    21.507] 	ABI class: X.Org Video Driver, version 25.2
[    21.507] (II) LoadModule: "modesetting"
[    21.507] (II) Loading /usr/lib/xorg/modules/drivers/modesetting_drv.so
[    21.509] (II) Module modesetting: vendor="X.Org Foundation"
[    21.509] 	compiled for 1.21.1.16, module version = 1.21.1
[    21.509] 	Module class: X.Org Video Driver
[    21.509] 	ABI class: X.Org Video Driver, version 25.2
[    21.509] (II) LoadModule: "fbdev"
[    21.510] (II) Loading /usr/lib/xorg/modules/drivers/fbdev_drv.so
[    21.511] (II) Module fbdev: vendor="X.Org Foundation"
[    21.511] 	compiled for 1.21.1.3, module version = 0.5.0
[    21.511] 	Module class: X.Org Video Driver
[    21.511] 	ABI class: X.Org Video Driver, version 25.2
[    21.511] (II) LoadModule: "vesa"
[    21.511] (II) Loading /usr/lib/xorg/modules/drivers/vesa_drv.so
[    21.513] (II) Module vesa: vendor="X.Org Foundation"
[    21.513] 	compiled for 1.21.1.15, module version = 2.6.0
[    21.513] 	Module class: X.Org Video Driver
[    21.513] 	ABI class: X.Org Video Driver, version 25.2
[    21.513] (II) vmware: driver for VMware SVGA: vmware0405, vmware0710
[    21.513] (II) modesetting: Driver for Modesetting Kernel Drivers: kms
[    21.513] (II) FBDEV: driver for framebuffer: fbdev
[    21.513] (II) VESA: driver for VESA chipsets: vesa
[    21.516] (WW) Falling back to old probe method for modesetting
[    21.516] (WW) Falling back to old probe method for fbdev
[    21.516] (II) Loading sub module "fbdevhw"
[    21.516] (II) LoadModule: "fbdevhw"
[    21.517] (II) Loading /usr/lib/xorg/modules/libfbdevhw.so
[    21.519] (II) Module fbdevhw: vendor="X.Org Foundation"
[    21.519] 	compiled for 1.21.1.16, module version = 0.0.2
[    21.519] 	ABI class: X.Org Video Driver, version 25.2
[    21.519] (II) vmware(0): Creating default Display subsection in Screen section
	"Default Screen Section" for depth/fbbpp 24/32
[    21.519] (--) vmware(0): DRM driver version is 2.20.0
[    21.519] (==) vmware(0): Depth 24, (--) framebuffer bpp 32
[    21.519] (==) vmware(0): RGB weight 888
[    21.519] (==) vmware(0): Default visual is TrueColor
[    21.519] (--) vmware(0): Min width 1, Max Width 16384.
[    21.519] (--) vmware(0): Min height 1, Max Height 16384.
[    21.520] (II) vmware(0): Output Virtual1 has no monitor section
[    21.521] (II) vmware(0): Output Virtual2 has no monitor section
[    21.521] (II) vmware(0): Output Virtual3 has no monitor section
[    21.521] (II) vmware(0): Output Virtual4 has no monitor section
[    21.521] (II) vmware(0): Output Virtual5 has no monitor section
[    21.521] (II) vmware(0): Output Virtual6 has no monitor section
[    21.521] (II) vmware(0): Output Virtual7 has no monitor section
[    21.521] (II) vmware(0): Output Virtual8 has no monitor section
[    21.522] (II) vmware(0): Printing probed modes for output Virtual1
[    21.522] (II) vmware(0): Modeline "1920x942"x60.0  135.62  1920 1970 2020 2070  942 992 1042 1092 -hsync +vsync (65.5 kHz eP)
[    21.522] (II) vmware(0): Modeline "1920x1440"x60.0  234.00  1920 2048 2256 2600  1440 1441 1444 1500 -hsync +vsync (90.0 kHz e)
[    21.522] (II) vmware(0): Modeline "1856x1392"x60.0  218.25  1856 1952 2176 2528  1392 1393 1396 1439 -hsync +vsync (86.3 kHz e)
[    21.522] (II) vmware(0): Modeline "1792x1344"x60.0  204.75  1792 1920 2120 2448  1344 1345 1348 1394 -hsync +vsync (83.6 kHz e)
[    21.522] (II) vmware(0): Modeline "2048x1152"x60.0  162.00  2048 2074 2154 2250  1152 1153 1156 1200 +hsync +vsync (72.0 kHz e)
[    21.522] (II) vmware(0): Modeline "1920x1200"x59.9  193.25  1920 2056 2256 2592  1200 1203 1209 1245 -hsync +vsync (74.6 kHz e)
[    21.522] (II) vmware(0): Modeline "1920x1200"x60.0  154.00  1920 1968 2000 2080  1200 1203 1209 1235 +hsync -vsync (74.0 kHz e)
[    21.522] (II) vmware(0): Modeline "1920x1080"x60.0  148.50  1920 2008 2052 2200  1080 1084 1089 1125 -hsync -vsync (67.5 kHz e)
[    21.522] (II) vmware(0): Modeline "1600x1200"x60.0  162.00  1600 1664 1856 2160  1200 1201 1204 1250 +hsync +vsync (75.0 kHz e)
[    21.522] (II) vmware(0): Modeline "1680x1050"x60.0  146.25  1680 1784 1960 2240  1050 1053 1059 1089 -hsync +vsync (65.3 kHz e)
[    21.522] (II) vmware(0): Modeline "1680x1050"x59.9  119.00  1680 1728 1760 1840  1050 1053 1059 1080 +hsync -vsync (64.7 kHz e)
[    21.522] (II) vmware(0): Modeline "1400x1050"x60.0  121.75  1400 1488 1632 1864  1050 1053 1057 1089 -hsync +vsync (65.3 kHz e)
[    21.522] (II) vmware(0): Modeline "1400x1050"x59.9  101.00  1400 1448 1480 1560  1050 1053 1057 1080 +hsync -vsync (64.7 kHz e)
[    21.522] (II) vmware(0): Modeline "1600x900"x60.0  108.00  1600 1624 1704 1800  900 901 904 1000 +hsync +vsync (60.0 kHz e)
[    21.522] (II) vmware(0): Modeline "1280x1024"x60.0  108.00  1280 1328 1440 1688  1024 1025 1028 1066 +hsync +vsync (64.0 kHz e)
[    21.522] (II) vmware(0): Modeline "1440x900"x59.9  106.50  1440 1520 1672 1904  900 903 909 934 -hsync +vsync (55.9 kHz e)
[    21.522] (II) vmware(0): Modeline "1440x900"x59.9   88.75  1440 1488 1520 1600  900 903 909 926 +hsync -vsync (55.5 kHz e)
[    21.522] (II) vmware(0): Modeline "1280x960"x60.0  108.00  1280 1376 1488 1800  960 961 964 1000 +hsync +vsync (60.0 kHz e)
[    21.522] (II) vmware(0): Modeline "1366x768"x59.8   85.50  1366 1436 1579 1792  768 771 774 798 +hsync +vsync (47.7 kHz e)
[    21.522] (II) vmware(0): Modeline "1366x768"x60.0   72.00  1366 1380 1436 1500  768 769 772 800 +hsync +vsync (48.0 kHz e)
[    21.522] (II) vmware(0): Modeline "1360x768"x60.0   85.50  1360 1424 1536 1792  768 771 777 795 +hsync +vsync (47.7 kHz e)
[    21.522] (II) vmware(0): Modeline "1280x800"x59.8   83.50  1280 1352 1480 1680  800 803 809 831 -hsync +vsync (49.7 kHz e)
[    21.522] (II) vmware(0): Modeline "1280x800"x59.9   71.00  1280 1328 1360 1440  800 803 809 823 +hsync -vsync (49.3 kHz e)
[    21.522] (II) vmware(0): Modeline "1280x768"x59.9   79.50  1280 1344 1472 1664  768 771 778 798 -hsync +vsync (47.8 kHz e)
[    21.522] (II) vmware(0): Modeline "1280x768"x60.0   68.25  1280 1328 1360 1440  768 771 778 790 +hsync -vsync (47.4 kHz e)
[    21.522] (II) vmware(0): Modeline "1280x720"x60.0   74.25  1280 1390 1430 1650  720 725 730 750 +hsync +vsync (45.0 kHz e)
[    21.522] (II) vmware(0): Modeline "1024x768"x60.0   65.00  1024 1048 1184 1344  768 771 777 806 -hsync -vsync (48.4 kHz e)
[    21.522] (II) vmware(0): Modeline "800x600"x60.3   40.00  800 840 968 1056  600 601 605 628 +hsync +vsync (37.9 kHz e)
[    21.522] (II) vmware(0): Modeline "800x600"x56.2   36.00  800 824 896 1024  600 601 603 625 +hsync +vsync (35.2 kHz e)
[    21.522] (II) vmware(0): Modeline "848x480"x60.0   33.75  848 864 976 1088  480 486 494 517 +hsync +vsync (31.0 kHz e)
[    21.522] (II) vmware(0): Modeline "640x480"x59.9   25.18  640 656 752 800  480 490 492 525 -hsync -vsync (31.5 kHz e)
[    21.522] (II) vmware(0): EDID for output Virtual2
[    21.523] (II) vmware(0): EDID for output Virtual3
[    21.523] (II) vmware(0): EDID for output Virtual4
[    21.523] (II) vmware(0): EDID for output Virtual5
[    21.523] (II) vmware(0): EDID for output Virtual6
[    21.523] (II) vmware(0): EDID for output Virtual7
[    21.523] (II) vmware(0): EDID for output Virtual8
[    21.523] (II) vmware(0): Output Virtual1 connected
[    21.523] (II) vmware(0): Output Virtual2 disconnected
[    21.523] (II) vmware(0): Output Virtual3 disconnected
[    21.523] (II) vmware(0): Output Virtual4 disconnected
[    21.523] (II) vmware(0): Output Virtual5 disconnected
[    21.523] (II) vmware(0): Output Virtual6 disconnected
[    21.523] (II) vmware(0): Output Virtual7 disconnected
[    21.523] (II) vmware(0): Output Virtual8 disconnected
[    21.523] (II) vmware(0): Using exact sizes for initial modes
[    21.523] (II) vmware(0): Output Virtual1 using initial mode 1920x942 +0+0
[    21.523] (==) vmware(0): DPI set to (96, 96)
[    21.523] (==) vmware(0): Using gamma correction (1.0, 1.0, 1.0)
[    21.523] (II) Loading sub module "fb"
[    21.523] (II) LoadModule: "fb"
[    21.523] (II) Module "fb" already built-in
[    21.523] (II) Loading sub module "dri2"
[    21.523] (II) LoadModule: "dri2"
[    21.523] (II) Module "dri2" already built-in
[    21.523] (II) Loading sub module "dri3"
[    21.523] (II) LoadModule: "dri3"
[    21.523] (II) Module "dri3" already built-in
[    21.523] (II) UnloadModule: "modesetting"
[    21.523] (II) Unloading modesetting
[    21.523] (II) UnloadModule: "fbdev"
[    21.524] (II) Unloading fbdev
[    21.524] (II) UnloadSubModule: "fbdevhw"
[    21.524] (II) Unloading fbdevhw
[    21.524] (II) UnloadModule: "vesa"
[    21.524] (II) Unloading vesa
[    21.530] (II) vmware(0): Initialized VMWARE_CTRL extension version 0.2
[    21.567] (II) vmware(0): Gallium3D XA version: 2.5.0.
[    21.567] (II) vmware(0): Path of drm device is "/dev/dri/card0".
[    21.567] (II) vmware(0): [DRI2] Setup complete
[    21.567] (II) vmware(0): [DRI2]   DRI driver: vmwgfx
[    26.313] (--) vmware(0): Render acceleration is enabled.
[    26.313] (==) vmware(0): Rendercheck mode is disabled.
[    26.313] (--) vmware(0): Direct rendering (DRI2 3D) is enabled.
[    26.313] (--) vmware(0): Direct rendering (DRI3 3D) is enabled.
[    26.313] (==) vmware(0): Direct presents are disabled.
[    26.313] (==) vmware(0): Hardware only presents are automatic per scanout.
[    26.313] (==) vmware(0): Backing store enabled
[    26.313] (==) vmware(0): Silken mouse enabled
[    26.315] (==) vmware(0): DPMS enabled
[    26.315] (II) Initializing extension Generic Event Extension
[    26.315] (II) Initializing extension SHAPE
[    26.315] (II) Initializing extension MIT-SHM
[    26.315] (II) Initializing extension XInputExtension
[    26.317] (II) Initializing extension XTEST
[    26.317] (II) Initializing extension BIG-REQUESTS
[    26.317] (II) Initializing extension SYNC
[    26.317] (II) Initializing extension XKEYBOARD
[    26.317] (II) Initializing extension XC-MISC
[    26.317] (II) Initializing extension SECURITY
[    26.317] (II) Initializing extension XFIXES
[    26.317] (II) Initializing extension RENDER
[    26.318] (II) Initializing extension RANDR
[    26.318] (II) Initializing extension COMPOSITE
[    26.318] (II) Initializing extension DAMAGE
[    26.318] (II) Initializing extension MIT-SCREEN-SAVER
[    26.318] (II) Initializing extension DOUBLE-BUFFER
[    26.318] (II) Initializing extension RECORD
[    26.318] (II) Initializing extension DPMS
[    26.318] (II) Initializing extension Present
[    26.319] (II) Initializing extension DRI3
[    26.319] (II) Initializing extension X-Resource
[    26.319] (II) Initializing extension XVideo
[    26.319] (II) Initializing extension XVideo-MotionCompensation
[    26.319] (II) Initializing extension SELinux
[    26.319] (II) SELinux: Disabled on system
[    26.319] (II) Initializing extension GLX
[    26.397] (II) AIGLX: Loaded and initialized vmwgfx
[    26.398] (II) GLX: Initialized DRI2 GL provider for screen 0
[    26.398] (II) Initializing extension XFree86-VidModeExtension
[    26.398] (II) Initializing extension XFree86-DGA
[    26.398] (II) Initializing extension XFree86-DRI
[    26.398] (II) Initializing extension DRI2
[    26.407] (II) vmware(0): Setting screen physical size to 508 x 249
[    26.537] (II) config/udev: Adding input device Power Button (/dev/input/event1)
[    26.537] (**) Power Button: Applying InputClass "libinput keyboard catchall"
[    26.537] (II) LoadModule: "libinput"
[    26.537] (II) Loading /usr/lib/xorg/modules/input/libinput_drv.so
[    26.545] (II) Module libinput: vendor="X.Org Foundation"
[    26.545] 	compiled for 1.21.1.15, module version = 1.5.0
[    26.545] 	Module class: X.Org XInput Driver
[    26.545] 	ABI class: X.Org XInput driver, version 24.4
[    26.545] (II) Using input driver 'libinput' for 'Power Button'
[    26.545] (**) Power Button: always reports core events
[    26.546] (**) Option "Device" "/dev/input/event1"
[    26.578] (II) event1  - Power Button: is tagged by udev as: Keyboard
[    26.578] (II) event1  - Power Button: device is a keyboard
[    26.578] (II) event1  - Power Button: device removed
[    26.596] (**) Option "config_info" "udev:/sys/devices/LNXSYSTM:00/LNXPWRBN:00/input/input2/event1"
[    26.596] (II) XINPUT: Adding extended input device "Power Button" (type: KEYBOARD, id 6)
[    26.596] (**) Option "xkb_model" "pc105"
[    26.596] (**) Option "xkb_layout" "br"
[    26.623] (II) event1  - Power Button: is tagged by udev as: Keyboard
[    26.623] (II) event1  - Power Button: device is a keyboard
[    26.624] (II) config/udev: Adding input device Sleep Button (/dev/input/event3)
[    26.624] (**) Sleep Button: Applying InputClass "libinput keyboard catchall"
[    26.624] (II) Using input driver 'libinput' for 'Sleep Button'
[    26.624] (**) Sleep Button: always reports core events
[    26.624] (**) Option "Device" "/dev/input/event3"
[    26.625] (II) event3  - Sleep Button: is tagged by udev as: Keyboard
[    26.625] (II) event3  - Sleep Button: device is a keyboard
[    26.625] (II) event3  - Sleep Button: device removed
[    26.644] (**) Option "config_info" "udev:/sys/devices/LNXSYSTM:00/LNXSLPBN:00/input/input4/event3"
[    26.644] (II) XINPUT: Adding extended input device "Sleep Button" (type: KEYBOARD, id 7)
[    26.644] (**) Option "xkb_model" "pc105"
[    26.644] (**) Option "xkb_layout" "br"
[    26.646] (II) event3  - Sleep Button: is tagged by udev as: Keyboard
[    26.646] (II) event3  - Sleep Button: device is a keyboard
[    26.647] (II) config/udev: Adding input device Video Bus (/dev/input/event2)
[    26.648] (**) Video Bus: Applying InputClass "libinput keyboard catchall"
[    26.648] (II) Using input driver 'libinput' for 'Video Bus'
[    26.648] (**) Video Bus: always reports core events
[    26.648] (**) Option "Device" "/dev/input/event2"
[    26.649] (II) event2  - Video Bus: is tagged by udev as: Keyboard
[    26.649] (II) event2  - Video Bus: device is a keyboard
[    26.649] (II) event2  - Video Bus: device removed
[    26.676] (**) Option "config_info" "udev:/sys/devices/LNXSYSTM:00/LNXSYBUS:00/PNP0A03:00/LNXVIDEO:00/input/input3/event2"
[    26.676] (II) XINPUT: Adding extended input device "Video Bus" (type: KEYBOARD, id 8)
[    26.676] (**) Option "xkb_model" "pc105"
[    26.676] (**) Option "xkb_layout" "br"
[    26.679] (II) event2  - Video Bus: is tagged by udev as: Keyboard
[    26.680] (II) event2  - Video Bus: device is a keyboard
[    26.682] (II) config/udev: Adding input device VirtualBox mouse integration (/dev/input/event6)
[    26.682] (**) VirtualBox mouse integration: Applying InputClass "libinput pointer catchall"
[    26.682] (II) Using input driver 'libinput' for 'VirtualBox mouse integration'
[    26.682] (**) VirtualBox mouse integration: always reports core events
[    26.682] (**) Option "Device" "/dev/input/event6"
[    26.684] (II) event6  - VirtualBox mouse integration: is tagged by udev as: Mouse
[    26.684] (II) event6  - VirtualBox mouse integration: device is a pointer
[    26.684] (II) event6  - VirtualBox mouse integration: device removed
[    26.718] (**) Option "config_info" "udev:/sys/devices/pci0000:00/0000:00:04.0/input/input9/event6"
[    26.718] (II) XINPUT: Adding extended input device "VirtualBox mouse integration" (type: MOUSE, id 9)
[    26.719] (**) Option "AccelerationScheme" "none"
[    26.719] (**) VirtualBox mouse integration: (accel) selected scheme none/0
[    26.719] (**) VirtualBox mouse integration: (accel) acceleration factor: 2.000
[    26.719] (**) VirtualBox mouse integration: (accel) acceleration threshold: 4
[    26.722] (II) event6  - VirtualBox mouse integration: is tagged by udev as: Mouse
[    26.722] (II) event6  - VirtualBox mouse integration: device is a pointer
[    26.723] (II) config/udev: Adding input device VirtualBox mouse integration (/dev/input/js1)
[    26.724] (II) No input driver specified, ignoring this device.
[    26.724] (II) This device may have been added with another device file.
[    26.724] (II) config/udev: Adding input device VirtualBox mouse integration (/dev/input/mouse2)
[    26.724] (II) No input driver specified, ignoring this device.
[    26.724] (II) This device may have been added with another device file.
[    26.726] (II) config/udev: Adding input device VirtualBox USB Tablet (/dev/input/event5)
[    26.726] (**) VirtualBox USB Tablet: Applying InputClass "libinput pointer catchall"
[    26.726] (II) Using input driver 'libinput' for 'VirtualBox USB Tablet'
[    26.726] (**) VirtualBox USB Tablet: always reports core events
[    26.726] (**) Option "Device" "/dev/input/event5"
[    26.808] (II) event5  - VirtualBox USB Tablet: is tagged by udev as: Mouse
[    26.809] (II) event5  - VirtualBox USB Tablet: device is a pointer
[    26.810] (II) event5  - VirtualBox USB Tablet: device removed
[    26.862] (**) Option "config_info" "udev:/sys/devices/pci0000:00/0000:00:06.0/usb2/2-1/2-1:1.0/0003:80EE:0021.0001/input/input6/event5"
[    26.862] (II) XINPUT: Adding extended input device "VirtualBox USB Tablet" (type: MOUSE, id 10)
[    26.862] (**) Option "AccelerationScheme" "none"
[    26.863] (**) VirtualBox USB Tablet: (accel) selected scheme none/0
[    26.863] (**) VirtualBox USB Tablet: (accel) acceleration factor: 2.000
[    26.863] (**) VirtualBox USB Tablet: (accel) acceleration threshold: 4
[    27.063] (II) event5  - VirtualBox USB Tablet: is tagged by udev as: Mouse
[    27.064] (II) event5  - VirtualBox USB Tablet: device is a pointer
[    27.066] (II) config/udev: Adding input device VirtualBox USB Tablet (/dev/input/js0)
[    27.066] (II) No input driver specified, ignoring this device.
[    27.066] (II) This device may have been added with another device file.
[    27.067] (II) config/udev: Adding input device VirtualBox USB Tablet (/dev/input/mouse1)
[    27.067] (II) No input driver specified, ignoring this device.
[    27.067] (II) This device may have been added with another device file.
[    27.068] (II) config/udev: Adding input device AT Translated Set 2 keyboard (/dev/input/event0)
[    27.069] (**) AT Translated Set 2 keyboard: Applying InputClass "libinput keyboard catchall"
[    27.069] (II) Using input driver 'libinput' for 'AT Translated Set 2 keyboard'
[    27.069] (**) AT Translated Set 2 keyboard: always reports core events
[    27.069] (**) Option "Device" "/dev/input/event0"
[    27.070] (II) event0  - AT Translated Set 2 keyboard: is tagged by udev as: Keyboard
[    27.070] (II) event0  - AT Translated Set 2 keyboard: device is a keyboard
[    27.071] (II) event0  - AT Translated Set 2 keyboard: device removed
[    27.088] (**) Option "config_info" "udev:/sys/devices/platform/i8042/serio0/input/input0/event0"
[    27.088] (II) XINPUT: Adding extended input device "AT Translated Set 2 keyboard" (type: KEYBOARD, id 11)
[    27.088] (**) Option "xkb_model" "pc105"
[    27.088] (**) Option "xkb_layout" "br"
[    27.091] (II) event0  - AT Translated Set 2 keyboard: is tagged by udev as: Keyboard
[    27.092] (II) event0  - AT Translated Set 2 keyboard: device is a keyboard
[    27.094] (II) config/udev: Adding input device ImExPS/2 Generic Explorer Mouse (/dev/input/event4)
[    27.094] (**) ImExPS/2 Generic Explorer Mouse: Applying InputClass "libinput pointer catchall"
[    27.094] (II) Using input driver 'libinput' for 'ImExPS/2 Generic Explorer Mouse'
[    27.094] (**) ImExPS/2 Generic Explorer Mouse: always reports core events
[    27.094] (**) Option "Device" "/dev/input/event4"
[    27.095] (II) event4  - ImExPS/2 Generic Explorer Mouse: is tagged by udev as: Mouse
[    27.096] (II) event4  - ImExPS/2 Generic Explorer Mouse: device is a pointer
[    27.096] (II) event4  - ImExPS/2 Generic Explorer Mouse: device removed
[    27.124] (II) libinput: ImExPS/2 Generic Explorer Mouse: Step value 0 was provided, libinput Fallback acceleration function is used.
[    27.124] (II) libinput: ImExPS/2 Generic Explorer Mouse: Step value 0 was provided, libinput Fallback acceleration function is used.
[    27.124] (II) libinput: ImExPS/2 Generic Explorer Mouse: Step value 0 was provided, libinput Fallback acceleration function is used.
[    27.124] (**) Option "config_info" "udev:/sys/devices/platform/i8042/serio1/input/input5/event4"
[    27.124] (II) XINPUT: Adding extended input device "ImExPS/2 Generic Explorer Mouse" (type: MOUSE, id 12)
[    27.124] (**) Option "AccelerationScheme" "none"
[    27.125] (**) ImExPS/2 Generic Explorer Mouse: (accel) selected scheme none/0
[    27.125] (**) ImExPS/2 Generic Explorer Mouse: (accel) acceleration factor: 2.000
[    27.125] (**) ImExPS/2 Generic Explorer Mouse: (accel) acceleration threshold: 4
[    27.127] (II) event4  - ImExPS/2 Generic Explorer Mouse: is tagged by udev as: Mouse
[    27.128] (II) event4  - ImExPS/2 Generic Explorer Mouse: device is a pointer
[    27.129] (II) config/udev: Adding input device ImExPS/2 Generic Explorer Mouse (/dev/input/mouse0)
[    27.129] (II) No input driver specified, ignoring this device.
[    27.129] (II) This device may have been added with another device file.
[    27.130] (II) config/udev: Adding input device PC Speaker (/dev/input/event7)
[    27.130] (II) No input driver specified, ignoring this device.
[    27.130] (II) This device may have been added with another device file.
[   102.473] (!!) vmware(0): New layout.
[   102.473] (!!) vmware(0): 0: 0 0 640 480
[   102.474] (!!) vmware(0): 
[   102.803] (!!) vmware(0): New layout.
[   102.803] (!!) vmware(0): 0: 0 0 960 942
[   102.803] (!!) vmware(0): 
[   203.496] (II) event4  - ImExPS/2 Generic Explorer Mouse: Enabling spurious button debouncing, see https://wayland.freedesktop.org/libinput/doc/1.28.1/button-debouncing.html for details
